2025-02-10 15:42:41,185 - INFO - Ceci est une information
2025-02-10 15:42:41,185 - WARNING - Attention : Avertissement mauvais appel de la methode
2025-02-10 15:42:41,185 - ERROR - Ceci est une erreur
2025-02-10 15:42:41,185 - ERROR - Ceci est une exception !
NoneType: None
2025-02-10 15:51:59,188 - INFO - Ceci est une information
2025-02-10 15:51:59,189 - WARNING - Attention : Avertissement mauvais appel de la methode
2025-02-10 15:51:59,189 - ERROR - Ceci est une erreur
2025-02-10 15:51:59,189 - ERROR - Ceci est une exception !
NoneType: None
2025-02-10 15:52:07,488 - INFO - Ceci est une information
2025-02-10 15:52:07,489 - WARNING - Attention : Avertissement mauvais appel de la methode
2025-02-10 15:52:07,489 - ERROR - Ceci est une erreur
2025-02-10 15:52:07,489 - ERROR - Ceci est une exception !
NoneType: None
2025-02-10 15:52:22,639 - INFO - Ceci est une information
2025-02-10 15:52:22,639 - WARNING - Attention : Avertissement mauvais appel de la methode
2025-02-10 15:52:22,639 - ERROR - Ceci est une erreur
2025-02-10 15:52:22,639 - ERROR - Ceci est une exception !
NoneType: None
2025-02-10 15:52:38,936 - INFO - Ceci est une information
2025-02-10 15:52:38,936 - WARNING - Attention : Avertissement mauvais appel de la methode
2025-02-10 15:52:38,936 - ERROR - Ceci est une erreur
2025-02-10 15:52:38,936 - ERROR - Ceci est une exception !
NoneType: None
2025-02-10 15:52:55,387 - INFO - Ceci est une information
2025-02-10 15:52:55,387 - WARNING - Attention : Avertissement mauvais appel de la methode
2025-02-10 15:52:55,388 - ERROR - Ceci est une erreur
2025-02-10 15:52:55,388 - ERROR - Ceci est une exception !
NoneType: None
2025-02-10 15:53:01,897 - INFO - Ceci est une information
2025-02-10 15:53:01,897 - WARNING - Attention : Avertissement mauvais appel de la methode
2025-02-10 15:53:01,898 - ERROR - Ceci est une erreur
2025-02-10 15:53:01,898 - ERROR - Ceci est une exception !
NoneType: None
2025-02-10 15:53:30,094 - INFO - Ceci est une information
2025-02-10 15:53:30,095 - WARNING - Attention : Avertissement mauvais appel de la methode
2025-02-10 15:53:30,095 - ERROR - Ceci est une erreur
2025-02-10 15:53:30,095 - ERROR - Ceci est une exception !
NoneType: None
2025-02-10 15:53:32,862 - INFO - Ceci est une information
2025-02-10 15:53:32,863 - WARNING - Attention : Avertissement mauvais appel de la methode
2025-02-10 15:53:32,863 - ERROR - Ceci est une erreur
2025-02-10 15:53:32,863 - ERROR - Ceci est une exception !
NoneType: None
2025-02-10 15:53:42,044 - INFO - Ceci est une information
2025-02-10 15:53:42,044 - WARNING - Attention : Avertissement mauvais appel de la methode
2025-02-10 15:53:42,044 - ERROR - Ceci est une erreur
2025-02-10 15:53:42,045 - ERROR - Ceci est une exception !
NoneType: None
2025-02-10 16:03:58,995 - INFO - Ceci est une information
2025-02-10 16:03:58,996 - WARNING - Attention : Avertissement mauvais appel de la methode
2025-02-10 16:03:58,996 - ERROR - Ceci est une erreur
2025-02-10 16:03:58,996 - ERROR - Ceci est une exception !
NoneType: None
2025-02-10 16:04:17,574 - INFO - Ceci est une information
2025-02-10 16:04:17,574 - WARNING - Attention : Avertissement mauvais appel de la methode
2025-02-10 16:04:17,574 - ERROR - Ceci est une erreur
2025-02-10 16:04:17,574 - ERROR - Ceci est une exception !
NoneType: None
2025-02-10 16:04:19,919 - INFO - Ceci est une information
2025-02-10 16:04:19,920 - WARNING - Attention : Avertissement mauvais appel de la methode
2025-02-10 16:04:19,920 - ERROR - Ceci est une erreur
2025-02-10 16:04:19,920 - ERROR - Ceci est une exception !
NoneType: None
2025-02-10 16:04:24,742 - INFO - Ceci est une information
2025-02-10 16:04:24,743 - WARNING - Attention : Avertissement mauvais appel de la methode
2025-02-10 16:04:24,743 - ERROR - Ceci est une erreur
2025-02-10 16:04:24,743 - ERROR - Ceci est une exception !
NoneType: None
2025-02-10 16:05:03,001 - INFO - Ceci est une information
2025-02-10 16:05:03,001 - WARNING - Attention : Avertissement mauvais appel de la methode
2025-02-10 16:05:03,001 - ERROR - Ceci est une erreur
2025-02-10 16:05:03,001 - ERROR - Ceci est une exception !
NoneType: None
2025-02-10 16:05:05,673 - INFO - Ceci est une information
2025-02-10 16:05:05,674 - WARNING - Attention : Avertissement mauvais appel de la methode
2025-02-10 16:05:05,674 - ERROR - Ceci est une erreur
2025-02-10 16:05:05,674 - ERROR - Ceci est une exception !
NoneType: None
2025-02-10 16:05:42,809 - INFO - Ceci est une information
2025-02-10 16:05:42,809 - WARNING - Attention : Avertissement mauvais appel de la methode
2025-02-10 16:05:42,809 - ERROR - Ceci est une erreur
2025-02-10 16:05:42,809 - ERROR - Ceci est une exception !
NoneType: None
2025-02-10 16:07:03,714 - INFO - Ceci est une information
2025-02-10 16:07:03,714 - WARNING - Attention : Avertissement mauvais appel de la methode
2025-02-10 16:07:03,714 - ERROR - Ceci est une erreur
2025-02-10 16:07:03,714 - ERROR - Ceci est une exception !
NoneType: None
2025-02-10 16:07:26,857 - INFO - Ceci est une information
2025-02-10 16:07:26,857 - WARNING - Attention : Avertissement mauvais appel de la methode
2025-02-10 16:07:26,857 - ERROR - Ceci est une erreur
2025-02-10 16:07:26,858 - ERROR - Ceci est une exception !
NoneType: None
2025-02-10 16:09:26,419 - INFO - Ceci est une information
2025-02-10 16:09:26,420 - WARNING - Attention : Avertissement mauvais appel de la methode
2025-02-10 16:09:26,420 - ERROR - Ceci est une erreur
2025-02-10 16:09:26,420 - ERROR - Ceci est une exception !
NoneType: None
2025-02-10 16:10:15,638 - INFO - Ceci est une information
2025-02-10 16:10:15,639 - WARNING - Attention : Avertissement mauvais appel de la methode
2025-02-10 16:10:15,639 - ERROR - Ceci est une erreur
2025-02-10 16:10:15,639 - ERROR - Ceci est une exception !
NoneType: None
2025-02-10 16:11:23,078 - INFO - Ceci est une information
2025-02-10 16:11:23,079 - WARNING - Attention : Avertissement mauvais appel de la methode
2025-02-10 16:11:23,079 - ERROR - Ceci est une erreur
2025-02-10 16:11:23,079 - ERROR - Ceci est une exception !
NoneType: None
2025-02-10 16:11:39,765 - INFO - Ceci est une information
2025-02-10 16:11:39,765 - WARNING - Attention : Avertissement mauvais appel de la methode
2025-02-10 16:11:39,766 - ERROR - Ceci est une erreur
2025-02-10 16:11:39,766 - ERROR - Ceci est une exception !
NoneType: None
2025-02-10 16:11:47,776 - INFO - Ceci est une information
2025-02-10 16:11:47,776 - WARNING - Attention : Avertissement mauvais appel de la methode
2025-02-10 16:11:47,776 - ERROR - Ceci est une erreur
2025-02-10 16:11:47,776 - ERROR - Ceci est une exception !
NoneType: None
2025-02-10 16:12:18,013 - INFO - Ceci est une information
2025-02-10 16:12:18,013 - WARNING - Attention : Avertissement mauvais appel de la methode
2025-02-10 16:12:18,013 - ERROR - Ceci est une erreur
2025-02-10 16:12:18,013 - ERROR - Ceci est une exception !
NoneType: None
2025-02-10 16:12:23,361 - INFO - Ceci est une information
2025-02-10 16:12:23,361 - WARNING - Attention : Avertissement mauvais appel de la methode
2025-02-10 16:12:23,361 - ERROR - Ceci est une erreur
2025-02-10 16:12:23,362 - ERROR - Ceci est une exception !
NoneType: None
2025-02-10 16:12:32,587 - INFO - Ceci est une information
2025-02-10 16:12:32,587 - WARNING - Attention : Avertissement mauvais appel de la methode
2025-02-10 16:12:32,587 - ERROR - Ceci est une erreur
2025-02-10 16:12:32,588 - ERROR - Ceci est une exception !
NoneType: None
2025-02-10 16:12:45,917 - INFO - Ceci est une information
2025-02-10 16:12:45,917 - WARNING - Attention : Avertissement mauvais appel de la methode
2025-02-10 16:12:45,917 - ERROR - Ceci est une erreur
2025-02-10 16:12:45,917 - ERROR - Ceci est une exception !
NoneType: None
2025-02-10 16:12:47,591 - INFO - Ceci est une information
2025-02-10 16:12:47,592 - WARNING - Attention : Avertissement mauvais appel de la methode
2025-02-10 16:12:47,592 - ERROR - Ceci est une erreur
2025-02-10 16:12:47,592 - ERROR - Ceci est une exception !
NoneType: None
2025-02-10 16:18:57,236 - INFO - Ceci est une information
2025-02-10 16:18:57,237 - WARNING - Attention : Avertissement mauvais appel de la methode
2025-02-10 16:18:57,237 - ERROR - Ceci est une erreur
2025-02-10 16:18:57,237 - ERROR - Ceci est une exception !
NoneType: None
2025-02-10 16:20:15,336 - INFO - Ceci est une information
2025-02-10 16:20:15,336 - WARNING - Attention : Avertissement mauvais appel de la methode
2025-02-10 16:20:15,337 - ERROR - Ceci est une erreur
2025-02-10 16:20:15,337 - ERROR - Ceci est une exception !
NoneType: None
2025-02-10 16:21:35,473 - INFO - Ceci est une information
2025-02-10 16:21:35,473 - WARNING - Attention : Avertissement mauvais appel de la methode
2025-02-10 16:21:35,473 - ERROR - Ceci est une erreur
2025-02-10 16:21:35,473 - ERROR - Ceci est une exception !
NoneType: None
2025-02-10 16:22:21,334 - INFO - Ceci est une information
2025-02-10 16:22:21,334 - WARNING - Attention : Avertissement mauvais appel de la methode
2025-02-10 16:22:21,334 - ERROR - Ceci est une erreur
2025-02-10 16:22:21,334 - ERROR - Ceci est une exception !
NoneType: None
2025-02-10 16:22:28,818 - INFO - Ceci est une information
2025-02-10 16:22:28,818 - WARNING - Attention : Avertissement mauvais appel de la methode
2025-02-10 16:22:28,818 - ERROR - Ceci est une erreur
2025-02-10 16:22:28,818 - ERROR - Ceci est une exception !
NoneType: None
2025-02-11 11:36:27,145 - INFO - Ceci est une information
2025-02-11 11:36:27,146 - WARNING - Attention : Avertissement mauvais appel de la methode
2025-02-11 11:36:27,146 - ERROR - Ceci est une erreur
2025-02-11 11:36:27,146 - ERROR - Ceci est une exception !
NoneType: None
2025-02-11 11:43:38,790 - INFO - Ceci est une information
2025-02-11 11:43:38,790 - WARNING - Attention : Avertissement mauvais appel de la methode
2025-02-11 11:43:38,791 - ERROR - Ceci est une erreur
2025-02-11 11:43:38,791 - ERROR - Ceci est une exception !
NoneType: None
2025-02-11 11:46:31,694 - INFO - Ceci est une information
2025-02-11 11:46:31,695 - WARNING - Attention : Avertissement mauvais appel de la methode
2025-02-11 11:46:31,695 - ERROR - Ceci est une erreur
2025-02-11 11:46:31,695 - ERROR - Ceci est une exception !
NoneType: None
2025-02-11 11:46:47,266 - INFO - Ceci est une information
2025-02-11 11:46:47,266 - WARNING - Attention : Avertissement mauvais appel de la methode
2025-02-11 11:46:47,266 - ERROR - Ceci est une erreur
2025-02-11 11:46:47,266 - ERROR - Ceci est une exception !
NoneType: None
2025-02-11 11:57:43,519 - INFO - Ceci est une information
2025-02-11 11:57:43,520 - WARNING - Attention : Avertissement mauvais appel de la methode
2025-02-11 11:57:43,520 - ERROR - Ceci est une erreur
2025-02-11 11:57:43,520 - ERROR - Ceci est une exception !
NoneType: None
2025-02-11 11:59:25,676 - INFO - Ceci est une information
2025-02-11 11:59:25,676 - WARNING - Attention : Avertissement mauvais appel de la methode
2025-02-11 11:59:25,676 - ERROR - Ceci est une erreur
2025-02-11 11:59:25,676 - ERROR - Ceci est une exception !
NoneType: None
2025-02-11 12:06:50,960 - INFO - Ceci est une information
2025-02-11 12:06:50,960 - WARNING - Attention : Avertissement mauvais appel de la methode
2025-02-11 12:06:50,960 - ERROR - Ceci est une erreur
2025-02-11 12:06:50,960 - ERROR - Ceci est une exception !
NoneType: None
2025-02-11 12:17:07,129 - INFO - Ceci est une information
2025-02-11 12:17:07,130 - WARNING - Attention : Avertissement mauvais appel de la methode
2025-02-11 12:17:07,130 - ERROR - Ceci est une erreur
2025-02-11 12:17:07,130 - ERROR - Ceci est une exception !
NoneType: None
2025-02-11 12:17:20,521 - INFO - Ceci est une information
2025-02-11 12:17:20,522 - WARNING - Attention : Avertissement mauvais appel de la methode
2025-02-11 12:17:20,522 - ERROR - Ceci est une erreur
2025-02-11 12:17:20,522 - ERROR - Ceci est une exception !
NoneType: None
2025-02-11 12:18:20,024 - INFO - Ceci est une information
2025-02-11 12:18:20,025 - WARNING - Attention : Avertissement mauvais appel de la methode
2025-02-11 12:18:20,025 - ERROR - Ceci est une erreur
2025-02-11 12:18:20,025 - ERROR - Ceci est une exception !
NoneType: None
2025-02-11 14:07:26,004 - INFO - Ceci est une information
2025-02-11 14:07:26,004 - WARNING - Attention : Avertissement mauvais appel de la methode
2025-02-11 14:07:26,004 - ERROR - Ceci est une erreur
2025-02-11 14:07:26,004 - ERROR - Ceci est une exception !
NoneType: None
2025-02-11 16:02:31,548 - INFO - Ceci est une information
2025-02-11 16:02:31,548 - WARNING - Attention : Avertissement mauvais appel de la methode
2025-02-11 16:02:31,548 - ERROR - Ceci est une erreur
2025-02-11 16:02:31,548 - ERROR - Ceci est une exception !
NoneType: None
2025-02-11 16:02:49,393 - INFO - Ceci est une information
2025-02-11 16:02:49,394 - WARNING - Attention : Avertissement mauvais appel de la methode
2025-02-11 16:02:49,394 - ERROR - Ceci est une erreur
2025-02-11 16:02:49,394 - ERROR - Ceci est une exception !
NoneType: None
2025-02-11 16:03:33,537 - INFO - Ceci est une information
2025-02-11 16:03:33,537 - WARNING - Attention : Avertissement mauvais appel de la methode
2025-02-11 16:03:33,537 - ERROR - Ceci est une erreur
2025-02-11 16:03:33,537 - ERROR - Ceci est une exception !
NoneType: None
2025-02-11 16:03:53,003 - INFO - Ceci est une information
2025-02-11 16:03:53,003 - WARNING - Attention : Avertissement mauvais appel de la methode
2025-02-11 16:03:53,003 - ERROR - Ceci est une erreur
2025-02-11 16:03:53,003 - ERROR - Ceci est une exception !
NoneType: None
2025-02-11 16:08:01,417 - INFO - Ceci est une information
2025-02-11 16:08:01,417 - WARNING - Attention : Avertissement mauvais appel de la methode
2025-02-11 16:08:01,417 - ERROR - Ceci est une erreur
2025-02-11 16:08:01,417 - ERROR - Ceci est une exception !
NoneType: None
2025-02-11 16:14:47,777 - INFO - Ceci est une information
2025-02-11 16:14:47,777 - WARNING - Attention : Avertissement mauvais appel de la methode
2025-02-11 16:14:47,777 - ERROR - Ceci est une erreur
2025-02-11 16:14:47,777 - ERROR - Ceci est une exception !
NoneType: None
2025-02-11 16:14:58,806 - INFO - Ceci est une information
2025-02-11 16:14:58,806 - WARNING - Attention : Avertissement mauvais appel de la methode
2025-02-11 16:14:58,806 - ERROR - Ceci est une erreur
2025-02-11 16:14:58,806 - ERROR - Ceci est une exception !
NoneType: None
2025-02-11 16:15:25,862 - INFO - Ceci est une information
2025-02-11 16:15:25,863 - WARNING - Attention : Avertissement mauvais appel de la methode
2025-02-11 16:15:25,863 - ERROR - Ceci est une erreur
2025-02-11 16:15:25,863 - ERROR - Ceci est une exception !
NoneType: None
2025-02-11 16:15:53,345 - INFO - Ceci est une information
2025-02-11 16:15:53,346 - WARNING - Attention : Avertissement mauvais appel de la methode
2025-02-11 16:15:53,346 - ERROR - Ceci est une erreur
2025-02-11 16:15:53,346 - ERROR - Ceci est une exception !
NoneType: None
2025-02-11 16:16:19,327 - INFO - Ceci est une information
2025-02-11 16:16:19,327 - WARNING - Attention : Avertissement mauvais appel de la methode
2025-02-11 16:16:19,328 - ERROR - Ceci est une erreur
2025-02-11 16:16:19,328 - ERROR - Ceci est une exception !
NoneType: None
2025-02-11 16:16:46,262 - INFO - Ceci est une information
2025-02-11 16:16:46,263 - WARNING - Attention : Avertissement mauvais appel de la methode
2025-02-11 16:16:46,263 - ERROR - Ceci est une erreur
2025-02-11 16:16:46,263 - ERROR - Ceci est une exception !
NoneType: None
2025-02-11 16:16:57,729 - INFO - Ceci est une information
2025-02-11 16:16:57,729 - WARNING - Attention : Avertissement mauvais appel de la methode
2025-02-11 16:16:57,729 - ERROR - Ceci est une erreur
2025-02-11 16:16:57,729 - ERROR - Ceci est une exception !
NoneType: None
2025-02-11 16:21:19,519 - INFO - Ceci est une information
2025-02-11 16:21:19,519 - WARNING - Attention : Avertissement mauvais appel de la methode
2025-02-11 16:21:19,519 - ERROR - Ceci est une erreur
2025-02-11 16:21:19,519 - ERROR - Ceci est une exception !
NoneType: None
2025-02-11 16:21:35,199 - INFO - Ceci est une information
2025-02-11 16:21:35,200 - WARNING - Attention : Avertissement mauvais appel de la methode
2025-02-11 16:21:35,200 - ERROR - Ceci est une erreur
2025-02-11 16:21:35,200 - ERROR - Ceci est une exception !
NoneType: None
2025-02-11 19:20:03,803 - INFO - Ceci est une information
2025-02-11 19:20:03,804 - WARNING - Attention : Avertissement mauvais appel de la methode
2025-02-11 19:20:03,805 - ERROR - Ceci est une erreur
2025-02-11 19:20:03,805 - ERROR - Ceci est une exception !
NoneType: None
2025-02-11 22:22:36,369 - INFO - Ceci est une information
2025-02-11 22:22:36,375 - WARNING - Attention : Avertissement mauvais appel de la methode
2025-02-11 22:22:36,376 - ERROR - Ceci est une erreur
2025-02-11 22:22:36,376 - ERROR - Ceci est une exception !
NoneType: None
2025-02-11 22:24:46,678 - INFO - Ceci est une information
2025-02-11 22:24:46,679 - WARNING - Attention : Avertissement mauvais appel de la methode
2025-02-11 22:24:46,679 - ERROR - Ceci est une erreur
2025-02-11 22:24:46,679 - ERROR - Ceci est une exception !
NoneType: None
2025-02-11 22:25:03,745 - INFO - Ceci est une information
2025-02-11 22:25:03,745 - WARNING - Attention : Avertissement mauvais appel de la methode
2025-02-11 22:25:03,745 - ERROR - Ceci est une erreur
2025-02-11 22:25:03,746 - ERROR - Ceci est une exception !
NoneType: None
2025-02-12 09:46:18,689 - INFO - Ceci est une information
2025-02-12 09:46:18,690 - WARNING - Attention : Avertissement mauvais appel de la methode
2025-02-12 09:46:18,690 - ERROR - Ceci est une erreur
2025-02-12 09:46:18,690 - ERROR - Ceci est une exception !
NoneType: None
